<?xml version="1.0" encoding="UTF-8"?>
<!-- Generated by org.testng.reporters.JUnitReportReporter -->
<testsuite skipped="0" hostname="dell" name="SrcPagestng.Home_page_US_tng" tests="4" failures="0" timestamp="08 Jul 2020 11:15:48 GMT" time="20.584" errors="0">
  <testcase name="launchBrowsre" time="11.802" classname="SrcPagestng.Home_page_US_tng"/>
  <testcase name="verifycookiepopuptext" time="0.208" classname="SrcPagestng.Home_page_US_tng"/>
  <testcase name="verifypageLogoworking" time="4.248" classname="SrcPagestng.Home_page_US_tng"/>
  <testcase name="verifycookiepopupCancelButton" time="4.326" classname="SrcPagestng.Home_page_US_tng"/>
</testsuite> <!-- SrcPagestng.Home_page_US_tng -->
